<?xml version="1.0" encoding="UTF-8"?>
<!-- Generated by org.testng.reporters.JUnitXMLReporter -->
<testsuite hostname="BLRW3004375" ignored="0" name="AppSccript Regression Suite 1" tests="5" failures="0" timestamp="04 Nov 2017 18:48:28 GMT" time="205.469" errors="0">
  <testcase name="verifyLogin" time="5.688" classname="appscriptAutomationTest.TestcaseTrigger"/>
  <testcase name="verifyDefaulttab" time="0.461" classname="appscriptAutomationTest.TestcaseTrigger"/>
  <testcase name="verifyAllTabsPresence" time="0.583" classname="appscriptAutomationTest.TestcaseTrigger"/>
  <testcase name="verifyPrice_free" time="12.441" classname="appscriptAutomationTest.TestcaseTrigger"/>
  <testcase name="Prescriber" time="147.578" classname="appscriptAutomationTest.TestcaseTrigger"/>
</testsuite> <!-- AppSccript Regression Suite 1 -->
