<?xml version="1.0" encoding="UTF-8"?>
<!-- Generated by org.testng.reporters.JUnitXMLReporter -->
<testsuite hostname="BLRW3004375" ignored="0" name="Default test" tests="8" failures="0" timestamp="16 Oct 2017 17:25:40 GMT" time="362.144" errors="0">
  <testcase name="LogintoBag" time="19.252" classname="appscriptBagTest.AddOrRemoveBag_BagLimitValidation"/>
  <testcase name="AddAppsToBag" time="42.016" classname="appscriptBagTest.AddOrRemoveBag_BagLimitValidation"/>
  <testcase name="RemoveAppsfromBag" time="61.549" classname="appscriptBagTest.AddOrRemoveBag_BagLimitValidation"/>
  <testcase name="AddDevicestoBag" time="41.51" classname="appscriptBagTest.AddOrRemoveBag_BagLimitValidation"/>
  <testcase name="RemoveDevicesFromBag" time="67.676" classname="appscriptBagTest.AddOrRemoveBag_BagLimitValidation"/>
  <testcase name="AddContentstoBag" time="49.472" classname="appscriptBagTest.AddOrRemoveBag_BagLimitValidation"/>
  <testcase name="RemoveContentfromBag" time="77.663" classname="appscriptBagTest.AddOrRemoveBag_BagLimitValidation"/>
  <testcase name="VerifyBagLimitValidationMessage" time="2.9" classname="appscriptBagTest.AddOrRemoveBag_BagLimitValidation"/>
</testsuite> <!-- Default test -->
